<?xml version="1.0" encoding="UTF-8"?>
<!-- Generated by org.testng.reporters.JUnitReportReporter -->
<testsuite hostname="DESKTOP-65LSBDS" failures="0" tests="2" name="FinalProject.HomePage_Test" time="36.416" errors="0" timestamp="29 Apr 2020 15:39:13 GMT">
  <testcase classname="FinalProject.HomePage_Test" name="NavigateToBasePage" time="18.557"/>
  <testcase classname="FinalProject.HomePage_Test" name="NavigateToBasePage" time="17.859"/>
</testsuite> <!-- FinalProject.HomePage_Test -->
