<?xml version="1.0" encoding="UTF-8"?>
<!-- Generated by org.testng.reporters.JUnitReportReporter -->
<testsuite hostname="DESKTOP-65LSBDS" failures="0" tests="1" name="FinalProject.ValidationNavbar" time="9.147" errors="0" timestamp="29 Apr 2020 15:39:13 GMT">
  <testcase classname="FinalProject.ValidationNavbar" name="NavigateToBasePage" time="9.147"/>
</testsuite> <!-- FinalProject.ValidationNavbar -->
