<?xml version="1.0" encoding="UTF-8"?>
<!-- Generated by org.testng.reporters.JUnitReportReporter -->
<testsuite hostname="DESKTOP-65LSBDS" failures="0" tests="2" name="FinalProject.HomePage_Test" time="18.944" errors="0" timestamp="1 May 2020 21:15:19 GMT">
  <testcase classname="FinalProject.HomePage_Test" name="NavigateToBasePage" time="7.411"/>
  <testcase classname="FinalProject.HomePage_Test" name="NavigateToBasePage" time="11.533"/>
</testsuite> <!-- FinalProject.HomePage_Test -->
