<?xml version="1.0" encoding="UTF-8"?>
<!-- Generated by org.testng.reporters.JUnitReportReporter -->
<testsuite hostname="DESKTOP-65LSBDS" failures="0" tests="1" name="FinalProject.ValidationNavbar" time="0.155" errors="0" timestamp="1 May 2020 14:45:54 GMT">
  <testcase classname="FinalProject.ValidationNavbar" name="NavigateToBasePage" time="0.155"/>
</testsuite> <!-- FinalProject.ValidationNavbar -->
