<?xml version="1.0" encoding="UTF-8"?>
<!-- Generated by org.testng.reporters.JUnitReportReporter -->
<testsuite hostname="DESKTOP-65LSBDS" failures="0" tests="2" name="FinalProject.ValidationTitlePage" time="1.033" errors="0" timestamp="1 May 2020 21:02:20 GMT">
  <testcase classname="FinalProject.ValidationTitlePage" name="validateTitle" time="0.532"/>
  <testcase classname="FinalProject.ValidationTitlePage" name="Test1" time="0.501"/>
</testsuite> <!-- FinalProject.ValidationTitlePage -->
