<?xml version="1.0" encoding="UTF-8"?>
<!-- Generated by org.testng.reporters.JUnitReportReporter -->
<testsuite hostname="DESKTOP-65LSBDS" failures="0" tests="2" name="FinalProject.HomePage_Test" time="21.968" errors="0" timestamp="1 May 2020 02:53:41 GMT">
  <testcase classname="FinalProject.HomePage_Test" name="NavigateToBasePage" time="11.366"/>
  <testcase classname="FinalProject.HomePage_Test" name="NavigateToBasePage" time="10.602"/>
</testsuite> <!-- FinalProject.HomePage_Test -->
