<?xml version="1.0" encoding="UTF-8"?>
<!-- Generated by org.testng.reporters.JUnitReportReporter -->
<testsuite hostname="DESKTOP-65LSBDS" failures="0" tests="2" name="FinalProject.HomePage_Test" time="25.856" errors="0" timestamp="1 May 2020 14:45:54 GMT">
  <testcase classname="FinalProject.HomePage_Test" name="NavigateToBasePage" time="8.329"/>
  <testcase classname="FinalProject.HomePage_Test" name="NavigateToBasePage" time="17.527"/>
</testsuite> <!-- FinalProject.HomePage_Test -->
