<?xml version="1.0" encoding="UTF-8"?>
<!-- Generated by org.testng.reporters.JUnitReportReporter -->
<testsuite hostname="DESKTOP-65LSBDS" failures="0" tests="2" name="FinalProject.HomePage_Test" time="16.872" errors="0" timestamp="29 Apr 2020 22:14:29 GMT">
  <testcase classname="FinalProject.HomePage_Test" name="NavigateToBasePage" time="10.342"/>
  <testcase classname="FinalProject.HomePage_Test" name="NavigateToBasePage" time="6.530"/>
</testsuite> <!-- FinalProject.HomePage_Test -->
