<?xml version="1.0" encoding="UTF-8"?>
<!-- Generated by org.testng.reporters.JUnitReportReporter -->
<testsuite hostname="DESKTOP-65LSBDS" failures="0" tests="1" name="FinalProject.HomePage" time="16.063" errors="0" timestamp="28 Apr 2020 19:15:11 GMT">
  <testcase classname="FinalProject.HomePage" name="NavigateToBasePage" time="16.063"/>
</testsuite> <!-- FinalProject.HomePage -->
