<?xml version="1.0" encoding="UTF-8"?>
<!-- Generated by org.testng.reporters.JUnitReportReporter -->
<testsuite hostname="DESKTOP-65LSBDS" failures="0" tests="2" name="FinalProject.TestLandingPage" time="0.227" errors="0" timestamp="2 May 2020 15:25:55 GMT">
  <testcase classname="FinalProject.TestLandingPage" name="Test2" time="0.157"/>
  <testcase classname="FinalProject.TestLandingPage" name="Test1" time="0.070"/>
</testsuite> <!-- FinalProject.TestLandingPage -->
