<?xml version="1.0" encoding="UTF-8"?>
<!-- Generated by org.testng.reporters.JUnitReportReporter -->
<testsuite hostname="DESKTOP-65LSBDS" failures="0" tests="2" name="FinalProject.TestLoginData" time="19.513" errors="0" timestamp="2 May 2020 15:25:55 GMT">
  <testcase classname="FinalProject.TestLoginData" name="NavigateToBasePage" time="11.135"/>
  <testcase classname="FinalProject.TestLoginData" name="NavigateToBasePage" time="8.378"/>
</testsuite> <!-- FinalProject.TestLoginData -->
