<?xml version="1.0" encoding="UTF-8"?>
<!-- Generated by org.testng.reporters.JUnitReportReporter -->
<testsuite hostname="DESKTOP-65LSBDS" failures="0" tests="2" name="FinalProject.HomePage_Test" time="22.812" errors="0" timestamp="30 Apr 2020 00:09:33 GMT">
  <testcase classname="FinalProject.HomePage_Test" name="NavigateToBasePage" time="9.023"/>
  <testcase classname="FinalProject.HomePage_Test" name="NavigateToBasePage" time="13.789"/>
</testsuite> <!-- FinalProject.HomePage_Test -->
