<?xml version="1.0" encoding="UTF-8"?>
<!-- Generated by org.testng.reporters.JUnitReportReporter -->
<testsuite hostname="DESKTOP-65LSBDS" failures="0" tests="2" name="FinalProject.HomePage_Test" time="20.566" errors="0" timestamp="1 May 2020 19:35:01 GMT">
  <testcase classname="FinalProject.HomePage_Test" name="NavigateToBasePage" time="7.217"/>
  <testcase classname="FinalProject.HomePage_Test" name="NavigateToBasePage" time="13.349"/>
</testsuite> <!-- FinalProject.HomePage_Test -->
