<?xml version="1.0" encoding="UTF-8"?>
<!-- Generated by org.testng.reporters.JUnitReportReporter -->
<testsuite hostname="DESKTOP-65LSBDS" failures="0" tests="1" name="FinalProject.ValidationTitlePage" time="0.776" errors="0" timestamp="1 May 2020 19:35:01 GMT">
  <testcase classname="FinalProject.ValidationTitlePage" name="NavigateToFirstPage" time="0.776"/>
</testsuite> <!-- FinalProject.ValidationTitlePage -->
