<?xml version="1.0" encoding="UTF-8"?>
<!-- Generated by org.testng.reporters.JUnitReportReporter -->
<testsuite hostname="DESKTOP-65LSBDS" failures="0" tests="1" name="FinalProject.ValidationTitlePage" time="1.136" errors="0" timestamp="30 Apr 2020 00:09:33 GMT">
  <testcase classname="FinalProject.ValidationTitlePage" name="NavigateToFirstPage" time="1.136"/>
</testsuite> <!-- FinalProject.ValidationTitlePage -->
